(node:28092) ExperimentalWarning: SQLite is an experimental feature and might change at any time
(Use `node --trace-warnings ...` to show where the warning was created)
[frontend] requested mode: legacy
[frontend] requested dir: /Users/qichao/Documents/kelongai-cn/legacy-project/ai
[frontend] serving mode: legacy
[frontend] serving dir: /Users/qichao/Documents/kelongai-cn/legacy-project/ai
[public] configured PUBLIC_BASE_URL: (empty)
[public] upload temp dir: /Users/qichao/Documents/kelongai-cn/legacy-project/.runtime-uploads
Server running at http://0.0.0.0:3000
[runtime uploads] startup_cleanup_finished {
  requestId: 'startup_cleanup',
  targetPath: '/Users/qichao/Documents/kelongai-cn/legacy-project/.runtime-uploads',
  scannedCount: 0,
  deletedCount: 0,
  failedCount: 0,
  maxAgeMs: 7200000
}
[universal-extract] url: 6.43 复制打开抖音，看看【奔跑的椰子的作品】鸡腿神仙吃法，最简单做法之一！！！嫩滑入味姜葱味浓... https://v.douyin.com/spj08AA2cfA/ 03/04 W@m.DU :3pm VLJ:/
[universal-extract] matched endpoints: [
  '/api/v1/douyin/web/fetch_one_video_by_share_url',
  '/api/v1/douyin/app/v3/fetch_one_video_by_share_url'
]
[universal-extract] trying endpoint: /api/v1/douyin/web/fetch_one_video_by_share_url, params: {"share_url":"6.43 复制打开抖音，看看【奔跑的椰子的作品】鸡腿神仙吃法，最简单做法之一！！！嫩滑入味姜葱味浓... https://v.douyin.com/spj08AA2cfA/ 03/04 W@m.DU :3pm VLJ:/"}
[universal-extract] endpoint /api/v1/douyin/web/fetch_one_video_by_share_url response status: 200, hasData: true, code: 200, status_code: undefined
[universal-extract] success via: /api/v1/douyin/web/fetch_one_video_by_share_url
[proxy-download] depth=0 target: https://v5-dy-o-abtest.zjcdn.com/11b47aeab07b83cc856b61a425f0c871/6a08a5e8/video/tos/cn/tos-cn-ve-15/ogI2VIoAW6PHefcQGCQ
[proxy-download] upstream status: 206 content-type: video/mp4
[proxy-download] depth=0 target: https://v5-dy-o-abtest.zjcdn.com/11b47aeab07b83cc856b61a425f0c871/6a08a5e8/video/tos/cn/tos-cn-ve-15/ogI2VIoAW6PHefcQGCQ
[proxy-download] upstream status: 200 content-type: video/mp4
[proxy-download] depth=0 target: https://v3-dy-o.zjcdn.com/97a8d3cf6057081f41bf46d6927d68bd/6a08a5e8/video/tos/cn/tos-cn-ve-15/ogI2VIoAW6PHefcQGCQYBILg1o
[proxy-download] upstream status: 200 content-type: video/mp4
[universal-extract] url: https://v.kuaishou.com/7FdyY4W1 瓜哥坦言要来看蝴蝶梦跟发小老王不一样 "夜深人静 "倪海杉 该作品在快手被播放过10.8万次，点击链接，打开【快手】直接观看！
[universal-extract] matched endpoints: [
  '/api/v1/kuaishou/app/fetch_one_video_by_url',
  '/api/v1/kuaishou/web/fetch_one_video_by_url'
]
[universal-extract] trying endpoint: /api/v1/kuaishou/app/fetch_one_video_by_url, params: {"share_text":"https://v.kuaishou.com/7FdyY4W1 瓜哥坦言要来看蝴蝶梦跟发小老王不一样 \"夜深人静 \"倪海杉 该作品在快手被播放过10.8万次，点击链接，打开【快手】直接观看！"}
[universal-extract] endpoint /api/v1/kuaishou/app/fetch_one_video_by_url response status: 400, hasData: false, code: undefined, status_code: undefined
[universal-extract] failed: /api/v1/kuaishou/app/fetch_one_video_by_url - TikHub 请求失败（HTTP 400）
[universal-extract] trying endpoint: /api/v1/kuaishou/web/fetch_one_video_by_url, params: {"url":"https://v.kuaishou.com/7FdyY4W1 瓜哥坦言要来看蝴蝶梦跟发小老王不一样 \"夜深人静 \"倪海杉 该作品在快手被播放过10.8万次，点击链接，打开【快手】直接观看！"}
[universal-extract] endpoint /api/v1/kuaishou/web/fetch_one_video_by_url response status: 200, hasData: true, code: 200, status_code: undefined
[universal-extract] success via: /api/v1/kuaishou/web/fetch_one_video_by_url
[universal-extract] url: 6.43 复制打开抖音，看看【奔跑的椰子的作品】鸡腿神仙吃法，最简单做法之一！！！嫩滑入味姜葱味浓... https://v.douyin.com/spj08AA2cfA/ 03/04 W@m.DU :3pm VLJ:/
[universal-extract] matched endpoints: [
  '/api/v1/douyin/web/fetch_one_video_by_share_url',
  '/api/v1/douyin/app/v3/fetch_one_video_by_share_url'
]
[universal-extract] trying endpoint: /api/v1/douyin/web/fetch_one_video_by_share_url, params: {"share_url":"6.43 复制打开抖音，看看【奔跑的椰子的作品】鸡腿神仙吃法，最简单做法之一！！！嫩滑入味姜葱味浓... https://v.douyin.com/spj08AA2cfA/ 03/04 W@m.DU :3pm VLJ:/"}
[universal-extract] endpoint /api/v1/douyin/web/fetch_one_video_by_share_url response status: 200, hasData: true, code: 200, status_code: undefined
[universal-extract] success via: /api/v1/douyin/web/fetch_one_video_by_share_url
[universal-extract] url: 6.43 复制打开抖音，看看【奔跑的椰子的作品】鸡腿神仙吃法，最简单做法之一！！！嫩滑入味姜葱味浓... https://v.douyin.com/spj08AA2cfA/ 03/04 W@m.DU :3pm VLJ:/
[universal-extract] matched endpoints: [
  '/api/v1/douyin/web/fetch_one_video_by_share_url',
  '/api/v1/douyin/app/v3/fetch_one_video_by_share_url'
]
[universal-extract] trying endpoint: /api/v1/douyin/web/fetch_one_video_by_share_url, params: {"share_url":"6.43 复制打开抖音，看看【奔跑的椰子的作品】鸡腿神仙吃法，最简单做法之一！！！嫩滑入味姜葱味浓... https://v.douyin.com/spj08AA2cfA/ 03/04 W@m.DU :3pm VLJ:/"}
[universal-extract] endpoint /api/v1/douyin/web/fetch_one_video_by_share_url response status: 200, hasData: true, code: 200, status_code: undefined
[universal-extract] success via: /api/v1/douyin/web/fetch_one_video_by_share_url
[universal-extract] url: https://v.kuaishou.com/7FdyY4W1 瓜哥坦言要来看蝴蝶梦跟发小老王不一样 夜深人静 倪海杉 该作品在快手被播放过10.8万次，点击链接，打开【快手】直接观看！
[universal-extract] matched endpoints: [
  '/api/v1/kuaishou/app/fetch_one_video_by_url',
  '/api/v1/kuaishou/web/fetch_one_video_by_url'
]
[universal-extract] trying endpoint: /api/v1/kuaishou/app/fetch_one_video_by_url, params: {"share_text":"https://v.kuaishou.com/7FdyY4W1 瓜哥坦言要来看蝴蝶梦跟发小老王不一样 夜深人静 倪海杉 该作品在快手被播放过10.8万次，点击链接，打开【快手】直接观看！"}
[universal-extract] endpoint /api/v1/kuaishou/app/fetch_one_video_by_url response status: 400, hasData: false, code: undefined, status_code: undefined
[universal-extract] failed: /api/v1/kuaishou/app/fetch_one_video_by_url - TikHub 请求失败（HTTP 400）
[universal-extract] trying endpoint: /api/v1/kuaishou/web/fetch_one_video_by_url, params: {"url":"https://v.kuaishou.com/7FdyY4W1 瓜哥坦言要来看蝴蝶梦跟发小老王不一样 夜深人静 倪海杉 该作品在快手被播放过10.8万次，点击链接，打开【快手】直接观看！"}
[universal-extract] endpoint /api/v1/kuaishou/web/fetch_one_video_by_url response status: 200, hasData: true, code: 200, status_code: undefined
[universal-extract] success via: /api/v1/kuaishou/web/fetch_one_video_by_url
[universal-extract] url: https://v.kuaishou.com/7FdyY4W1 瓜哥坦言要来看蝴蝶梦跟发小老王不一样 夜深人静 倪海杉 该作品在快手被播放过10.8万次，点击链接，打开【快手】直接观看！
[universal-extract] matched endpoints: [
  '/api/v1/kuaishou/app/fetch_one_video_by_url',
  '/api/v1/kuaishou/web/fetch_one_video_by_url'
]
[universal-extract] trying endpoint: /api/v1/kuaishou/app/fetch_one_video_by_url, params: {"share_text":"https://v.kuaishou.com/7FdyY4W1 瓜哥坦言要来看蝴蝶梦跟发小老王不一样 夜深人静 倪海杉 该作品在快手被播放过10.8万次，点击链接，打开【快手】直接观看！"}
[universal-extract] endpoint /api/v1/kuaishou/app/fetch_one_video_by_url response status: 400, hasData: false, code: undefined, status_code: undefined
[universal-extract] failed: /api/v1/kuaishou/app/fetch_one_video_by_url - TikHub 请求失败（HTTP 400）
[universal-extract] trying endpoint: /api/v1/kuaishou/web/fetch_one_video_by_url, params: {"url":"https://v.kuaishou.com/7FdyY4W1 瓜哥坦言要来看蝴蝶梦跟发小老王不一样 夜深人静 倪海杉 该作品在快手被播放过10.8万次，点击链接，打开【快手】直接观看！"}
[universal-extract] endpoint /api/v1/kuaishou/web/fetch_one_video_by_url response status: 200, hasData: true, code: 200, status_code: undefined
[universal-extract] success via: /api/v1/kuaishou/web/fetch_one_video_by_url
[universal-extract] url: https://v.kuaishou.com/7FdyY4W1
[universal-extract] matched endpoints: [
  '/api/v1/kuaishou/app/fetch_one_video_by_url',
  '/api/v1/kuaishou/web/fetch_one_video_by_url'
]
[universal-extract] trying endpoint: /api/v1/kuaishou/app/fetch_one_video_by_url, params: {"share_text":"https://v.kuaishou.com/7FdyY4W1"}
[universal-extract] endpoint /api/v1/kuaishou/app/fetch_one_video_by_url response status: 400, hasData: false, code: undefined, status_code: undefined
[universal-extract] failed: /api/v1/kuaishou/app/fetch_one_video_by_url - TikHub 请求失败（HTTP 400）
[universal-extract] trying endpoint: /api/v1/kuaishou/web/fetch_one_video_by_url, params: {"url":"https://v.kuaishou.com/7FdyY4W1"}
[universal-extract] endpoint /api/v1/kuaishou/web/fetch_one_video_by_url response status: 200, hasData: true, code: 200, status_code: undefined
[universal-extract] success via: /api/v1/kuaishou/web/fetch_one_video_by_url
[universal-extract] url: https://v.kuaishou.com/7FdyY4W1
[universal-extract] matched endpoints: [
  '/api/v1/kuaishou/app/fetch_one_video_by_url',
  '/api/v1/kuaishou/web/fetch_one_video_by_url'
]
[universal-extract] trying endpoint: /api/v1/kuaishou/app/fetch_one_video_by_url, params: {"share_text":"https://v.kuaishou.com/7FdyY4W1"}
[universal-extract] endpoint /api/v1/kuaishou/app/fetch_one_video_by_url response status: 400, hasData: false, code: undefined, status_code: undefined
[universal-extract] failed: /api/v1/kuaishou/app/fetch_one_video_by_url - TikHub 请求失败（HTTP 400）
[universal-extract] trying endpoint: /api/v1/kuaishou/web/fetch_one_video_by_url, params: {"url":"https://v.kuaishou.com/7FdyY4W1"}
[universal-extract] endpoint /api/v1/kuaishou/web/fetch_one_video_by_url response status: 200, hasData: true, code: 200, status_code: undefined
[universal-extract] success via: /api/v1/kuaishou/web/fetch_one_video_by_url
